warning: Git tree '/home/jacob/.nixos' is dirty
building the system configuration...
warning: Git tree '/home/jacob/.nixos' is dirty
these 56 derivations will be built:
  /nix/store/01k0bdg01q7qsn66n8jlgz7j07l5v2a6-man-paths.drv
  /nix/store/0g7fg70czk9sh8vwak4x1088yh705p5m-etc-UPower-UPower.conf.drv
  /nix/store/mbpflp7ygifbkhqzvy0s02gzmzsyl8lg-hm-session-vars.sh.drv
  /nix/store/0yikph4hzhb8kfmi7bzgz153xn6c4zsi-hm-session-vars.fish.drv
  /nix/store/6g7l0fx0ivf294r0pkg896v4rs89xj71-index.theme.drv
  /nix/store/17aafgcb3gz7yw2ryp16lwi25l99wsll-home-manager-path.drv
  /nix/store/169zl3dw23ij8znlhfc5pfi3jvq03nyg-hm_fontconfigconf.d10hmfonts.conf.drv
  /nix/store/2vqvvhq64xawwn2aswfz60dj64161il3-config.fish.drv
  /nix/store/32fvhyw96d5rm0hd759s38cd8mzqing6-ensure-all-wrappers-paths-exist.drv
  /nix/store/3598csapq8bfrgzjh52mr0r34z77hyqz-hm-session-vars.sh-fish-completions.drv
  /nix/store/pcicbzzrjlb20w09522y554qa40wq0pj-hm-dconf.ini.drv
  /nix/store/dqhhyrjardjd61w9gm1c0gb3q11jn3rg-activation-script.drv
  /nix/store/lb7zhhhvcdxl1qcdsav0jkfxy85k4vdh-index.theme-fish-completions.drv
  /nix/store/5x84q8x9ajhcxp7zm9ylq6n7aiml4lld-hm_gtk3.0settings.ini.drv
  /nix/store/a1rr1n7kn343fwcwm44py02cvisc95pc-man-paths.drv
  /nix/store/inhilyhh1vqs40cybnf4sz7f367sksfz-man-cache.drv
  /nix/store/nzgiarx60mk7lvy39kzcqq6mba8k5prp-hm_.manpath.drv
  /nix/store/xgnvjxvrggj0ljnj2768lp0i2bxhbjy8-hm_homejacob.gtkrc2.0.drv
  /nix/store/zgxla44zfjrv3lkx4yparfgqw8q25qjf-hm_gtk4.0settings.ini.drv
  /nix/store/xp4px58lkfr03y7hz0aq18srg1dycbaj-adwaita-icon-theme-49.0-fish-completions.drv
  /nix/store/zjq08svid96695hrcwr9xh4x9l573wz8-jacob-fish-completions.drv
  /nix/store/n5k7b6fjvps689w6ar0nigv1ylnv1v39-home-manager-files.drv
  /nix/store/pjccdkvqhbfycavr3m3r9hj2paqzx0ql-dconf-keys.json.drv
  /nix/store/6479ys1yjbcg41gcalr8v6yind8zkcl2-home-manager-generation.drv
  /nix/store/c9piq1slr2nvqk103giyai5wfj23pvsb-unit-home-manager-jacob.service.drv
  /nix/store/hbmg0i32mv2smil2fb3iz55fv0x2cw89-system-path.drv
  /nix/store/bv9rhng8crbx0ikp0x44bakgn4y8zhq8-X-Restart-Triggers-polkit.drv
  /nix/store/g0rnm72db8f7082jzqhr34s40ax5521m-unit-polkit.service.drv
  /nix/store/ar5kxxjf6nh83b42vr0daiad83nkc6yn-unit-script-suid-sgid-wrappers-start.drv
  /nix/store/ha40mrd5b6a7vblgyk46y96hscym5r17-unit-suid-sgid-wrappers.service.drv
  /nix/store/8rw9fldfvw6na68s1jhvq3znn75m0g31-dbus-1.drv
  /nix/store/lszpny6cjd6h2gkj421glg8lf8jm7ygi-X-Restart-Triggers-dbus-broker.drv
  /nix/store/pxgvp8za70j8x4xvj6v1hs3hl24z8vic-unit-dbus-broker.service.drv
  /nix/store/b0lfmddsv3gsydfcysa297h2qp7mbq5v-udev-rules.drv
  /nix/store/gglvl3nz0kxdfabb69c5ggqqlfbdx6n3-X-Restart-Triggers-systemd-udevd.drv
  /nix/store/r6270j8ihcimx7ylmwcanb99ny69j3ix-unit-systemd-udevd.service.drv
  /nix/store/42k5j40xig8as9qr0ijqzpz4j4s57zjx-system-units.drv
  /nix/store/459x3yqlzmrx4bz7r1vphprqc1cjaq6c-user-generators.drv
  /nix/store/5zb5zafyvmnzjnxrni9ak4vxwi9hznx7-man-cache.drv
  /nix/store/anpc0rp2pl6inzbn9d1x5j6f1pz80wzb-system-shutdown.drv
  /nix/store/g9lvhjsz0vqf8yi4swipxgwn9m7639lg-hwdb.bin.drv
  /nix/store/8cqxyji3p4apqlp43wrkr6ig37aq9v4b-upower-1.90.10_fish-completions.drv
  /nix/store/i3dxiilbhfm3z1hwnx4sbyls30yp5f98-brightnessctl-0.5.1_fish-completions.drv
  /nix/store/zngacsbiynk2hk2a38c39fkkj61gm803-gnome-keyring-48.0_fish-completions.drv
  /nix/store/gch82chbrdydz34labbaab9lx4rm1nmg-system_fish-completions.drv
  /nix/store/lpx64amb0my32fly5c6cwxn9ap2zbjbc-etc-man_db.conf.drv
  /nix/store/rc67pqwv745wm7q6grh6dfirijhbz8c4-login.pam.drv
  /nix/store/s8xz3plln6hfhj09hi17gpq43kslxm1h-system-generators.drv
  /nix/store/vhfx36q0x8c8cq4c545m44jgy5raqjwc-user-environment.drv
  /nix/store/8pzbi7icl658x3w8mgnfm36vd4pfy1wf-unit-gcr-ssh-agent.socket.drv
  /nix/store/ixr9mj19fp1l8ynfy50cijdqgi5ai5dd-unit-dbus-broker.service.drv
  /nix/store/m69v8cg705bdb43c4pwi7gls9jcrscl8-unit-gcr-ssh-agent.service.drv
  /nix/store/y136nxj20qx3mw3q5d8b8z8mvm5axgm8-user-units.drv
  /nix/store/ysnrd64y6m6944f9g8bgas9v17rzn226-etc-systemd-logind.conf.drv
  /nix/store/vxmnqr22lf8p08rxjcrkzs6k330inrpa-etc.drv
  /nix/store/7gki4rnyifdqr1x887himg3hsh0ma79z-nixos-system-nixos-25.11.20251229.89dbf01.drv
these 5 paths will be fetched (1.85 MiB download, 10.15 MiB unpacked):
  /nix/store/dsa21csx9xmhz9bqyydgqx8795s25xzj-brightnessctl-0.5.1
  /nix/store/j9q5v7a8i237ywsxamp7hjx46jx3g7xa-gcr-3.41.2
  /nix/store/gpmv8qizxn8jjcykxcsim11hs0by09jw-gcr-4.4.0.1
  /nix/store/669vbj07j6pd4qlspmhxglnflh7c9k2n-gnome-keyring-48.0
  /nix/store/m4dm051z0alchnh81gf9mbyhia7nncaq-security-wrapper-gnome-keyring-daemon-x86_64-unknown-linux-musl
copying path '/nix/store/dsa21csx9xmhz9bqyydgqx8795s25xzj-brightnessctl-0.5.1' from 'https://cache.nixos.org'...
copying path '/nix/store/j9q5v7a8i237ywsxamp7hjx46jx3g7xa-gcr-3.41.2' from 'https://cache.nixos.org'...
building '/nix/store/0g7fg70czk9sh8vwak4x1088yh705p5m-etc-UPower-UPower.conf.drv'...
building '/nix/store/ysnrd64y6m6944f9g8bgas9v17rzn226-etc-systemd-logind.conf.drv'...
copying path '/nix/store/gpmv8qizxn8jjcykxcsim11hs0by09jw-gcr-4.4.0.1' from 'https://cache.nixos.org'...
building '/nix/store/g9lvhjsz0vqf8yi4swipxgwn9m7639lg-hwdb.bin.drv'...
building '/nix/store/b0lfmddsv3gsydfcysa297h2qp7mbq5v-udev-rules.drv'...
building '/nix/store/mbpflp7ygifbkhqzvy0s02gzmzsyl8lg-hm-session-vars.sh.drv'...
building '/nix/store/6g7l0fx0ivf294r0pkg896v4rs89xj71-index.theme.drv'...
building '/nix/store/m69v8cg705bdb43c4pwi7gls9jcrscl8-unit-gcr-ssh-agent.service.drv'...
building '/nix/store/8pzbi7icl658x3w8mgnfm36vd4pfy1wf-unit-gcr-ssh-agent.socket.drv'...
copying path '/nix/store/669vbj07j6pd4qlspmhxglnflh7c9k2n-gnome-keyring-48.0' from 'https://cache.nixos.org'...
building '/nix/store/xp4px58lkfr03y7hz0aq18srg1dycbaj-adwaita-icon-theme-49.0-fish-completions.drv'...
building '/nix/store/pjccdkvqhbfycavr3m3r9hj2paqzx0ql-dconf-keys.json.drv'...
building '/nix/store/pcicbzzrjlb20w09522y554qa40wq0pj-hm-dconf.ini.drv'...
building '/nix/store/5x84q8x9ajhcxp7zm9ylq6n7aiml4lld-hm_gtk3.0settings.ini.drv'...
building '/nix/store/zgxla44zfjrv3lkx4yparfgqw8q25qjf-hm_gtk4.0settings.ini.drv'...
building '/nix/store/xgnvjxvrggj0ljnj2768lp0i2bxhbjy8-hm_homejacob.gtkrc2.0.drv'...
copying path '/nix/store/m4dm051z0alchnh81gf9mbyhia7nncaq-security-wrapper-gnome-keyring-daemon-x86_64-unknown-linux-musl' from 'https://cache.nixos.org'...
building '/nix/store/i3dxiilbhfm3z1hwnx4sbyls30yp5f98-brightnessctl-0.5.1_fish-completions.drv'...
building '/nix/store/0yikph4hzhb8kfmi7bzgz153xn6c4zsi-hm-session-vars.fish.drv'...
building '/nix/store/3598csapq8bfrgzjh52mr0r34z77hyqz-hm-session-vars.sh-fish-completions.drv'...
building '/nix/store/17aafgcb3gz7yw2ryp16lwi25l99wsll-home-manager-path.drv'...
building '/nix/store/lb7zhhhvcdxl1qcdsav0jkfxy85k4vdh-index.theme-fish-completions.drv'...
building '/nix/store/dqhhyrjardjd61w9gm1c0gb3q11jn3rg-activation-script.drv'...
building '/nix/store/32fvhyw96d5rm0hd759s38cd8mzqing6-ensure-all-wrappers-paths-exist.drv'...
building '/nix/store/zngacsbiynk2hk2a38c39fkkj61gm803-gnome-keyring-48.0_fish-completions.drv'...
building '/nix/store/rc67pqwv745wm7q6grh6dfirijhbz8c4-login.pam.drv'...
building '/nix/store/01k0bdg01q7qsn66n8jlgz7j07l5v2a6-man-paths.drv'...
building '/nix/store/2vqvvhq64xawwn2aswfz60dj64161il3-config.fish.drv'...
building '/nix/store/a1rr1n7kn343fwcwm44py02cvisc95pc-man-paths.drv'...
building '/nix/store/s8xz3plln6hfhj09hi17gpq43kslxm1h-system-generators.drv'...
building '/nix/store/hbmg0i32mv2smil2fb3iz55fv0x2cw89-system-path.drv'...
building '/nix/store/anpc0rp2pl6inzbn9d1x5j6f1pz80wzb-system-shutdown.drv'...
building '/nix/store/gglvl3nz0kxdfabb69c5ggqqlfbdx6n3-X-Restart-Triggers-systemd-udevd.drv'...
building '/nix/store/zjq08svid96695hrcwr9xh4x9l573wz8-jacob-fish-completions.drv'...
building '/nix/store/ar5kxxjf6nh83b42vr0daiad83nkc6yn-unit-script-suid-sgid-wrappers-start.drv'...
building '/nix/store/8cqxyji3p4apqlp43wrkr6ig37aq9v4b-upower-1.90.10_fish-completions.drv'...
building '/nix/store/169zl3dw23ij8znlhfc5pfi3jvq03nyg-hm_fontconfigconf.d10hmfonts.conf.drv'...
building '/nix/store/vhfx36q0x8c8cq4c545m44jgy5raqjwc-user-environment.drv'...
building '/nix/store/459x3yqlzmrx4bz7r1vphprqc1cjaq6c-user-generators.drv'...
building '/nix/store/5zb5zafyvmnzjnxrni9ak4vxwi9hznx7-man-cache.drv'...
building '/nix/store/inhilyhh1vqs40cybnf4sz7f367sksfz-man-cache.drv'...
building '/nix/store/ha40mrd5b6a7vblgyk46y96hscym5r17-unit-suid-sgid-wrappers.service.drv'...
building '/nix/store/r6270j8ihcimx7ylmwcanb99ny69j3ix-unit-systemd-udevd.service.drv'...
building '/nix/store/bv9rhng8crbx0ikp0x44bakgn4y8zhq8-X-Restart-Triggers-polkit.drv'...
building '/nix/store/8rw9fldfvw6na68s1jhvq3znn75m0g31-dbus-1.drv'...
building '/nix/store/gch82chbrdydz34labbaab9lx4rm1nmg-system_fish-completions.drv'...
building '/nix/store/lszpny6cjd6h2gkj421glg8lf8jm7ygi-X-Restart-Triggers-dbus-broker.drv'...
building '/nix/store/g0rnm72db8f7082jzqhr34s40ax5521m-unit-polkit.service.drv'...
building '/nix/store/ixr9mj19fp1l8ynfy50cijdqgi5ai5dd-unit-dbus-broker.service.drv'...
building '/nix/store/pxgvp8za70j8x4xvj6v1hs3hl24z8vic-unit-dbus-broker.service.drv'...
building '/nix/store/y136nxj20qx3mw3q5d8b8z8mvm5axgm8-user-units.drv'...
building '/nix/store/nzgiarx60mk7lvy39kzcqq6mba8k5prp-hm_.manpath.drv'...
building '/nix/store/n5k7b6fjvps689w6ar0nigv1ylnv1v39-home-manager-files.drv'...
building '/nix/store/6479ys1yjbcg41gcalr8v6yind8zkcl2-home-manager-generation.drv'...
building '/nix/store/c9piq1slr2nvqk103giyai5wfj23pvsb-unit-home-manager-jacob.service.drv'...
building '/nix/store/42k5j40xig8as9qr0ijqzpz4j4s57zjx-system-units.drv'...
building '/nix/store/lpx64amb0my32fly5c6cwxn9ap2zbjbc-etc-man_db.conf.drv'...
building '/nix/store/vxmnqr22lf8p08rxjcrkzs6k330inrpa-etc.drv'...
building '/nix/store/7gki4rnyifdqr1x887himg3hsh0ma79z-nixos-system-nixos-25.11.20251229.89dbf01.drv'...
activating the configuration...
setting up /etc...
reloading user units for jacob...
restarting sysinit-reactivation.target
reloading the following units: dbus-broker.service
restarting the following units: polkit.service, systemd-udevd.service
the following new units were started: NetworkManager-dispatcher.service
Done. The new configuration is /nix/store/539a7dwzahx74jy833ssqhxmvsqmmnr7-nixos-system-nixos-25.11.20251229.89dbf01
